<?xml version="1.0" encoding="UTF-8"?>
<!-- Generated by org.testng.reporters.JUnitReportReporter -->
<testsuite hostname="DESKTOP-CKQKV88" failures="0" tests="2" name="org.execution.Execution" time="24.090" errors="0" timestamp="30 Dec 2020 11:52:53 GMT" skipped="0">
  <testcase classname="org.execution.Execution" name="tc1" time="15.726"/>
  <testcase classname="org.execution.Execution" name="tc4" time="8.364"/>
</testsuite> <!-- org.execution.Execution -->
